# JRE version: Java(TM) SE Runtime Environment 18.9 (11.0.13+10) (build 11.0.13+10-LTS-370)
# Java VM: Java HotSpot(TM) 64-Bit Server VM 18.9 (11.0.13+10-LTS-370, mixed mode, tiered, compressed oops, g1 gc, windows-amd64)
Heap:
 garbage-first heap   total 262144K, used 178240K [0x00000000e0000000, 0x0000000100000000)
  region size 1024K, 11 young (11264K), 5 survivors (5120K)
 Metaspace       used 106891K, capacity 111274K, committed 111484K, reserved 350208K
  class space    used 13888K, capacity 15529K, committed 15616K, reserved 253952K
GC Heap History (10 events):
Event: 520.170 GC heap before
{Heap before GC invocations=55 (full 0):
 garbage-first heap   total 262144K, used 225800K [0x00000000e0000000, 0x0000000100000000)
  region size 1024K, 125 young (128000K), 10 survivors (10240K)
 Metaspace       used 88264K, capacity 92413K, committed 92540K, reserved 333824K
  class space    used 11498K, capacity 12999K, committed 13056K, reserved 253952K
}
Event: 520.201 GC heap after
{Heap after GC invocations=56 (full 0):
 garbage-first heap   total 262144K, used 120710K [0x00000000e0000000, 0x0000000100000000)
  region size 1024K, 12 young (12288K), 12 survivors (12288K)
 Metaspace       used 88264K, capacity 92413K, committed 92540K, reserved 333824K
  class space    used 11498K, capacity 12999K, committed 13056K, reserved 253952K
}
Event: 523.206 GC heap before
{Heap before GC invocations=56 (full 0):
 garbage-first heap   total 262144K, used 216966K [0x00000000e0000000, 0x0000000100000000)
  region size 1024K, 106 young (108544K), 12 survivors (12288K)
 Metaspace       used 95169K, capacity 99438K, committed 99580K, reserved 339968K
  class space    used 12405K, capacity 13929K, committed 13952K, reserved 253952K
}
Event: 523.258 GC heap after
{Heap after GC invocations=57 (full 0):
 garbage-first heap   total 262144K, used 133968K [0x00000000e0000000, 0x0000000100000000)
  region size 1024K, 13 young (13312K), 13 survivors (13312K)
 Metaspace       used 95169K, capacity 99438K, committed 99580K, reserved 339968K
  class space    used 12405K, capacity 13929K, committed 13952K, reserved 253952K
}
Event: 523.558 GC heap before
{Heap before GC invocations=57 (full 0):
 garbage-first heap   total 262144K, used 147280K [0x00000000e0000000, 0x0000000100000000)
  region size 1024K, 27 young (27648K), 13 survivors (13312K)
 Metaspace       used 95899K, capacity 100092K, committed 100220K, reserved 342016K
  class space    used 12489K, capacity 13995K, committed 14080K, reserved 253952K
}
Event: 523.587 GC heap after
{Heap after GC invocations=58 (full 0):
 garbage-first heap   total 262144K, used 135680K [0x00000000e0000000, 0x0000000100000000)
  region size 1024K, 3 young (3072K), 3 survivors (3072K)
 Metaspace       used 95899K, capacity 100092K, committed 100220K, reserved 342016K
  class space    used 12489K, capacity 13995K, committed 14080K, reserved 253952K
}
Event: 526.391 GC heap before
{Heap before GC invocations=59 (full 0):
 garbage-first heap   total 262144K, used 208384K [0x00000000e0000000, 0x0000000100000000)
  region size 1024K, 74 young (75776K), 3 survivors (3072K)
 Metaspace       used 101601K, capacity 105862K, committed 106108K, reserved 346112K
  class space    used 13226K, capacity 14821K, committed 14848K, reserved 253952K
}
Event: 526.412 GC heap after
{Heap after GC invocations=60 (full 0):
 garbage-first heap   total 262144K, used 140670K [0x00000000e0000000, 0x0000000100000000)
  region size 1024K, 8 young (8192K), 8 survivors (8192K)
 Metaspace       used 101601K, capacity 105862K, committed 106108K, reserved 346112K
  class space    used 13226K, capacity 14821K, committed 14848K, reserved 253952K
}
Event: 532.824 GC heap before
{Heap before GC invocations=60 (full 0):
 garbage-first heap   total 262144K, used 200062K [0x00000000e0000000, 0x0000000100000000)
  region size 1024K, 68 young (69632K), 8 survivors (8192K)
 Metaspace       used 106666K, capacity 110919K, committed 111228K, reserved 350208K
  class space    used 13873K, capacity 15496K, committed 15616K, reserved 253952K
}
Event: 532.846 GC heap after
{Heap after GC invocations=61 (full 0):
 garbage-first heap   total 262144K, used 145472K [0x00000000e0000000, 0x0000000100000000)
  region size 1024K, 5 young (5120K), 5 survivors (5120K)
 Metaspace       used 106666K, capacity 110919K, committed 111228K, reserved 350208K
  class space    used 13873K, capacity 15496K, committed 15616K, reserved 253952K
}

