# JRE version: Java(TM) SE Runtime Environment 18.9 (11.0.13+10) (build 11.0.13+10-LTS-370)
# Java VM: Java HotSpot(TM) 64-Bit Server VM 18.9 (11.0.13+10-LTS-370, mixed mode, tiered, compressed oops, g1 gc, windows-amd64)
Heap:
 garbage-first heap   total 262144K, used 129473K [0x00000000e0000000, 0x0000000100000000)
  region size 1024K, 95 young (97280K), 19 survivors (19456K)
 Metaspace       used 67337K, capacity 69068K, committed 69120K, reserved 315392K
  class space    used 8496K, capacity 9171K, committed 9216K, reserved 253952K
GC Heap History (10 events):
Event: 5.541 GC heap before
{Heap before GC invocations=6 (full 0):
 garbage-first heap   total 262144K, used 71832K [0x00000000e0000000, 0x0000000100000000)
  region size 1024K, 59 young (60416K), 6 survivors (6144K)
 Metaspace       used 25800K, capacity 26401K, committed 26752K, reserved 278528K
  class space    used 3371K, capacity 3585K, committed 3712K, reserved 253952K
}
Event: 5.551 GC heap after
{Heap after GC invocations=7 (full 0):
 garbage-first heap   total 262144K, used 19565K [0x00000000e0000000, 0x0000000100000000)
  region size 1024K, 4 young (4096K), 4 survivors (4096K)
 Metaspace       used 25800K, capacity 26401K, committed 26752K, reserved 278528K
  class space    used 3371K, capacity 3585K, committed 3712K, reserved 253952K
}
Event: 7.200 GC heap before
{Heap before GC invocations=7 (full 0):
 garbage-first heap   total 262144K, used 74861K [0x00000000e0000000, 0x0000000100000000)
  region size 1024K, 60 young (61440K), 4 survivors (4096K)
 Metaspace       used 35040K, capacity 35797K, committed 35840K, reserved 286720K
  class space    used 4518K, capacity 4834K, committed 4864K, reserved 253952K
}
Event: 7.211 GC heap after
{Heap after GC invocations=8 (full 0):
 garbage-first heap   total 262144K, used 22896K [0x00000000e0000000, 0x0000000100000000)
  region size 1024K, 7 young (7168K), 7 survivors (7168K)
 Metaspace       used 35040K, capacity 35797K, committed 35840K, reserved 286720K
  class space    used 4518K, capacity 4834K, committed 4864K, reserved 253952K
}
Event: 11.078 GC heap before
{Heap before GC invocations=9 (full 0):
 garbage-first heap   total 262144K, used 169328K [0x00000000e0000000, 0x0000000100000000)
  region size 1024K, 147 young (150528K), 7 survivors (7168K)
 Metaspace       used 41368K, capacity 42296K, committed 42368K, reserved 290816K
  class space    used 5358K, capacity 5722K, committed 5760K, reserved 253952K
}
Event: 11.116 GC heap after
{Heap after GC invocations=10 (full 0):
 garbage-first heap   total 262144K, used 32768K [0x00000000e0000000, 0x0000000100000000)
  region size 1024K, 17 young (17408K), 17 survivors (17408K)
 Metaspace       used 41368K, capacity 42296K, committed 42368K, reserved 290816K
  class space    used 5358K, capacity 5722K, committed 5760K, reserved 253952K
}
Event: 32.544 GC heap before
{Heap before GC invocations=10 (full 0):
 garbage-first heap   total 262144K, used 172032K [0x00000000e0000000, 0x0000000100000000)
  region size 1024K, 153 young (156672K), 17 survivors (17408K)
 Metaspace       used 49137K, capacity 50395K, committed 50560K, reserved 299008K
  class space    used 6214K, capacity 6713K, committed 6784K, reserved 253952K
}
Event: 32.582 GC heap after
{Heap after GC invocations=11 (full 0):
 garbage-first heap   total 262144K, used 39180K [0x00000000e0000000, 0x0000000100000000)
  region size 1024K, 17 young (17408K), 17 survivors (17408K)
 Metaspace       used 49137K, capacity 50395K, committed 50560K, reserved 299008K
  class space    used 6214K, capacity 6713K, committed 6784K, reserved 253952K
}
Event: 38.970 GC heap before
{Heap before GC invocations=11 (full 0):
 garbage-first heap   total 262144K, used 174348K [0x00000000e0000000, 0x0000000100000000)
  region size 1024K, 148 young (151552K), 17 survivors (17408K)
 Metaspace       used 58422K, capacity 60049K, committed 60160K, reserved 307200K
  class space    used 7362K, capacity 7992K, committed 8064K, reserved 253952K
}
Event: 39.012 GC heap after
{Heap after GC invocations=12 (full 0):
 garbage-first heap   total 262144K, used 52673K [0x00000000e0000000, 0x0000000100000000)
  region size 1024K, 19 young (19456K), 19 survivors (19456K)
 Metaspace       used 58422K, capacity 60049K, committed 60160K, reserved 307200K
  class space    used 7362K, capacity 7992K, committed 8064K, reserved 253952K
}

